<?xml version="1.0" encoding="UTF-8"?>
<testsuite xmlns:xsi="http://www.w3.org/2001/XMLSchema-instance" xsi:noNamespaceSchemaLocation="https://maven.apache.org/surefire/maven-surefire-plugin/xsd/surefire-test-report-3.0.xsd" version="3.0" name="com.leeyoubackend.LeeyouBackendApplicationTests" time="5.238" tests="1" errors="0" skipped="0" failures="0">
  <properties>
[...]
</properties>
  <testcase name="contextLoads" classname="com.leeyoubackend.LeeyouBackendApplicationTests" time="0.096">
    <system-out><![CDATA[20:56:58.918 [main] DEBUG org.springframework.test.context.BootstrapUtils - Instantiating CacheAwareContextLoaderDelegate from class [org.springframework.test.context.cache.DefaultCacheAwareContextLoaderDelegate]
20:56:58.923 [main] DEBUG org.springframework.test.context.BootstrapUtils - Instantiating BootstrapContext using constructor [public org.springframework.test.context.support.DefaultBootstrapContext(java.lang.Class,org.springframework.test.context.CacheAwareContextLoaderDelegate)]
20:56:58.945 [main] DEBUG org.springframework.test.context.BootstrapUtils - Instantiating TestContextBootstrapper for test class [com.leeyoubackend.LeeyouBackendApplicationTests] from class [org.springframework.boot.test.context.SpringBootTestContextBootstrapper]
20:56:58.951 [main] INFO org.springframework.boot.test.context.SpringBootTestContextBootstrapper - Neither @ContextConfiguration nor @ContextHierarchy found for test class [com.leeyoubackend.LeeyouBackendApplicationTests], using SpringBootContextLoader
20:56:58.953 [main] DEBUG org.springframework.test.context.support.AbstractContextLoader - Did not detect default resource location for test class [com.leeyoubackend.LeeyouBackendApplicationTests]: class path resource [com/leeyoubackend/LeeyouBackendApplicationTests-context.xml] does not exist
20:56:58.954 [main] DEBUG org.springframework.test.context.support.AbstractContextLoader - Did not detect default resource location for test class [com.leeyoubackend.LeeyouBackendApplicationTests]: class path resource [com/leeyoubackend/LeeyouBackendApplicationTestsContext.groovy] does not exist
20:56:58.954 [main] INFO org.springframework.test.context.support.AbstractContextLoader - Could not detect default resource locations for test class [com.leeyoubackend.LeeyouBackendApplicationTests]: no resource found for suffixes {-context.xml, Context.groovy}.
20:56:58.954 [main] INFO org.springframework.test.context.support.AnnotationConfigContextLoaderUtils - Could not detect default configuration classes for test class [com.leeyoubackend.LeeyouBackendApplicationTests]: LeeyouBackendApplicationTests does not declare any static, non-private, non-final, nested classes annotated with @Configuration.
20:56:58.984 [main] DEBUG org.springframework.test.context.support.ActiveProfilesUtils - Could not find an 'annotation declaring class' for annotation type [org.springframework.test.context.ActiveProfiles] and class [com.leeyoubackend.LeeyouBackendApplicationTests]
20:56:59.023 [main] DEBUG org.springframework.context.annotation.ClassPathScanningCandidateComponentProvider - Identified candidate component class: file [D:\code\partener\leeyou-backend\target\classes\com\leeyoubackend\LeeyouBackendApplication.class]
20:56:59.024 [main] INFO org.springframework.boot.test.context.SpringBootTestContextBootstrapper - Found @SpringBootConfiguration com.leeyoubackend.LeeyouBackendApplication for test class com.leeyoubackend.LeeyouBackendApplicationTests
20:56:59.084 [main] DEBUG org.springframework.boot.test.context.SpringBootTestContextBootstrapper - @TestExecutionListeners is not present for class [com.leeyoubackend.LeeyouBackendApplicationTests]: using defaults.
20:56:59.084 [main] INFO org.springframework.boot.test.context.SpringBootTestContextBootstrapper - Loaded default TestExecutionListener class names from location [META-INF/spring.factories]: [org.springframework.boot.test.mock.mockito.MockitoTestExecutionListener, org.springframework.boot.test.mock.mockito.ResetMocksTestExecutionListener, org.springframework.boot.test.autoconfigure.restdocs.RestDocsTestExecutionListener, org.springframework.boot.test.autoconfigure.web.client.MockRestServiceServerResetTestExecutionListener, org.springframework.boot.test.autoconfigure.web.servlet.MockMvcPrintOnlyOnFailureTestExecutionListener, org.springframework.boot.test.autoconfigure.web.servlet.WebDriverTestExecutionListener, org.springframework.boot.test.autoconfigure.webservices.client.MockWebServiceServerTestExecutionListener, org.springframework.test.context.web.ServletTestExecutionListener, org.springframework.test.context.support.DirtiesContextBeforeModesTestExecutionListener, org.springframework.test.context.event.ApplicationEventsTestExecutionListener, org.springframework.test.context.support.DependencyInjectionTestExecutionListener, org.springframework.test.context.support.DirtiesContextTestExecutionListener, org.springframework.test.context.transaction.TransactionalTestExecutionListener, org.springframework.test.context.jdbc.SqlScriptsTestExecutionListener, org.springframework.test.context.event.EventPublishingTestExecutionListener]
20:56:59.093 [main] INFO org.springframework.boot.test.context.SpringBootTestContextBootstrapper - Using TestExecutionListeners: [org.springframework.test.context.web.ServletTestExecutionListener@2df6226d, org.springframework.test.context.support.DirtiesContextBeforeModesTestExecutionListener@12ed9db6, org.springframework.test.context.event.ApplicationEventsTestExecutionListener@4ff4357f, org.springframework.boot.test.mock.mockito.MockitoTestExecutionListener@49cb9cb5, org.springframework.boot.test.autoconfigure.SpringBootDependencyInjectionTestExecutionListener@55322aab, org.springframework.test.context.support.DirtiesContextTestExecutionListener@2b4c1d96, org.springframework.test.context.transaction.TransactionalTestExecutionListener@45fd9a4d, org.springframework.test.context.jdbc.SqlScriptsTestExecutionListener@50468873, org.springframework.test.context.event.EventPublishingTestExecutionListener@146587a2, org.springframework.boot.test.mock.mockito.ResetMocksTestExecutionListener@5f0e9815, org.springframework.boot.test.autoconfigure.restdocs.RestDocsTestExecutionListener@76884e4b, org.springframework.boot.test.autoconfigure.web.client.MockRestServiceServerResetTestExecutionListener@126945f9, org.springframework.boot.test.autoconfigure.web.servlet.MockMvcPrintOnlyOnFailureTestExecutionListener@2a898881, org.springframework.boot.test.autoconfigure.web.servlet.WebDriverTestExecutionListener@16c63f5, org.springframework.boot.test.autoconfigure.webservices.client.MockWebServiceServerTestExecutionListener@35229f85]
20:56:59.095 [main] DEBUG org.springframework.test.context.support.AbstractDirtiesContextTestExecutionListener - Before test class: context [DefaultTestContext@4ce7fffa testClass = LeeyouBackendApplicationTests, testInstance = [null], testMethod = [null], testException = [null], mergedContextConfiguration = [WebMergedContextConfiguration@497486b3 testClass = LeeyouBackendApplicationTests, locations = '{}', classes = '{class com.leeyoubackend.LeeyouBackendApplication}', contextInitializerClasses = '[]', activeProfiles = '{}', propertySourceLocations = '{}', propertySourceProperties = '{org.springframework.boot.test.context.SpringBootTestContextBootstrapper=true}', contextCustomizers = set[org.springframework.boot.test.context.filter.ExcludeFilterContextCustomizer@6be968ce, org.springframework.boot.test.json.DuplicateJsonObjectContextCustomizerFactory$DuplicateJsonObjectContextCustomizer@1033576a, org.springframework.boot.test.mock.mockito.MockitoContextCustomizer@0, org.springframework.boot.test.web.client.TestRestTemplateContextCustomizer@533bda92, org.springframework.boot.test.autoconfigure.actuate.metrics.MetricsExportContextCustomizerFactory$DisableMetricExportContextCustomizer@312aa7c, org.springframework.boot.test.autoconfigure.properties.PropertyMappingContextCustomizer@0, org.springframework.boot.test.autoconfigure.web.servlet.WebDriverContextCustomizerFactory$Customizer@5f8e8a9d, org.springframework.boot.test.context.SpringBootTestArgs@1, org.springframework.boot.test.context.SpringBootTestWebEnvironment@641147d0], resourceBasePath = 'src/main/webapp', contextLoader = 'org.springframework.boot.test.context.SpringBootContextLoader', parent = [null]], attributes = map['org.springframework.test.context.web.ServletTestExecutionListener.activateListener' -> true]], class annotated with @DirtiesContext [false] with mode [null].

  .   ____          _            __ _ _
 /\\ / ___'_ __ _ _(_)_ __  __ _ \ \ \ \
( ( )\___ | '_ | '_| | '_ \/ _` | \ \ \ \
 \\/  ___)| |_)| | | | | || (_| |  ) ) ) )
  '  |____| .__|_| |_|_| |_\__, | / / / /
 =========|_|==============|___/=/_/_/_/
 :: Spring Boot ::               (v2.6.13)

2024-12-10 20:56:59.334  WARN 12756 --- [           main] ory$DuplicateJsonObjectContextCustomizer : 

Found multiple occurrences of org.json.JSONObject on the class path:

	jar:file:/D:/develop/apache-maven-3.9.9/mvn_repo/com/vaadin/external/google/android-json/0.0.20131108.vaadin1/android-json-0.0.20131108.vaadin1.jar!/org/json/JSONObject.class
	jar:file:/D:/develop/apache-maven-3.9.9/mvn_repo/org/json/json/20231013/json-20231013.jar!/org/json/JSONObject.class

You may wish to exclude one of them to ensure predictable runtime behavior

2024-12-10 20:56:59.347  INFO 12756 --- [           main] c.l.LeeyouBackendApplicationTests        : Starting LeeyouBackendApplicationTests using Java 21.0.5 on enchanted with PID 12756 (started by leeyou in D:\code\partener\leeyou-backend)
2024-12-10 20:56:59.348  INFO 12756 --- [           main] c.l.LeeyouBackendApplicationTests        : No active profile set, falling back to 1 default profile: "default"
2024-12-10 20:56:59.934  INFO 12756 --- [           main] .s.d.r.c.RepositoryConfigurationDelegate : Multiple Spring Data modules found, entering strict repository configuration mode
2024-12-10 20:56:59.935  INFO 12756 --- [           main] .s.d.r.c.RepositoryConfigurationDelegate : Bootstrapping Spring Data Redis repositories in DEFAULT mode.
2024-12-10 20:56:59.948  INFO 12756 --- [           main] .s.d.r.c.RepositoryConfigurationDelegate : Finished Spring Data repository scanning in 6 ms. Found 0 Redis repository interfaces.
2024-12-10 20:57:00.033  WARN 12756 --- [           main] o.m.s.mapper.ClassPathMapperScanner      : Skipping MapperFactoryBean with name 'tagsMapper' and 'com.leeyoubackend.mapper.TagsMapper' mapperInterface. Bean already defined with the same name!
2024-12-10 20:57:00.033  WARN 12756 --- [           main] o.m.s.mapper.ClassPathMapperScanner      : Skipping MapperFactoryBean with name 'teamMapper' and 'com.leeyoubackend.mapper.TeamMapper' mapperInterface. Bean already defined with the same name!
2024-12-10 20:57:00.033  WARN 12756 --- [           main] o.m.s.mapper.ClassPathMapperScanner      : Skipping MapperFactoryBean with name 'userTeamMapper' and 'com.leeyoubackend.mapper.UserTeamMapper' mapperInterface. Bean already defined with the same name!
2024-12-10 20:57:00.033  WARN 12756 --- [           main] o.m.s.mapper.ClassPathMapperScanner      : Skipping MapperFactoryBean with name 'usersMapper' and 'com.leeyoubackend.mapper.UsersMapper' mapperInterface. Bean already defined with the same name!
2024-12-10 20:57:00.034  WARN 12756 --- [           main] o.m.s.mapper.ClassPathMapperScanner      : No MyBatis mapper was found in '[com.leeyoubackend.mapper]' package. Please check your configuration.
2024-12-10 20:57:00.785  WARN 12756 --- [           main] c.b.m.core.metadata.TableInfoHelper      : This primary key of "id" is primitive !不建议如此请使用包装类 in Class: "com.leeyoubackend.pojo.Users"
 _ _   |_  _ _|_. ___ _ |    _ 
| | |\/|_)(_| | |_\  |_)||_|_\ 
     /               |         
                        3.5.4 
2024-12-10 20:57:01.076  INFO 12756 --- [           main] org.redisson.Version                     : Redisson 3.17.5
2024-12-10 20:57:01.242  INFO 12756 --- [isson-netty-2-7] o.r.c.pool.MasterPubSubConnectionPool    : 1 connections initialized for 127.0.0.1/127.0.0.1:6379
2024-12-10 20:57:01.272  INFO 12756 --- [sson-netty-2-19] o.r.c.pool.MasterConnectionPool          : 24 connections initialized for 127.0.0.1/127.0.0.1:6379
2024-12-10 20:57:02.862  INFO 12756 --- [           main] o.s.b.a.w.s.WelcomePageHandlerMapping    : Adding welcome page: class path resource [static/index.html]
2024-12-10 20:57:03.022  INFO 12756 --- [           main] pertySourcedRequestMappingHandlerMapping : Mapped URL path [/v2/api-docs] onto method [springfox.documentation.swagger2.web.Swagger2ControllerWebMvc#getDocumentation(String, HttpServletRequest)]
2024-12-10 20:57:03.280  INFO 12756 --- [           main] d.s.w.p.DocumentationPluginsBootstrapper : Documentation plugins bootstrapped
2024-12-10 20:57:03.282  INFO 12756 --- [           main] d.s.w.p.DocumentationPluginsBootstrapper : Found 1 custom documentation plugin(s)
2024-12-10 20:57:03.297  INFO 12756 --- [           main] s.d.s.w.s.ApiListingReferenceScanner     : Scanning for api listing references
2024-12-10 20:57:03.999  INFO 12756 --- [           main] s.a.ScheduledAnnotationBeanPostProcessor : No TaskScheduler/ScheduledExecutorService bean found for scheduled processing
2024-12-10 20:57:04.005  INFO 12756 --- [           main] c.l.LeeyouBackendApplicationTests        : Started LeeyouBackendApplicationTests in 4.887 seconds (JVM running for 5.525)
]]></system-out>
  </testcase>
</testsuite>