<?xml version="1.0" encoding="UTF-8"?>
<testsuite xmlns:xsi="http://www.w3.org/2001/XMLSchema-instance" xsi:noNamespaceSchemaLocation="https://maven.apache.org/surefire/maven-surefire-plugin/xsd/surefire-test-report-3.0.xsd" version="3.0" name="com.leeyoubackend.LeeyouBackendApplicationTests" time="4.124" tests="1" errors="0" skipped="0" failures="0">
  <properties>
[...]
</properties>
  <testcase name="contextLoads" classname="com.leeyoubackend.LeeyouBackendApplicationTests" time="0.111">
    <system-out><![CDATA[09:11:29.394 [main] DEBUG org.springframework.test.context.BootstrapUtils - Instantiating CacheAwareContextLoaderDelegate from class [org.springframework.test.context.cache.DefaultCacheAwareContextLoaderDelegate]
09:11:29.400 [main] DEBUG org.springframework.test.context.BootstrapUtils - Instantiating BootstrapContext using constructor [public org.springframework.test.context.support.DefaultBootstrapContext(java.lang.Class,org.springframework.test.context.CacheAwareContextLoaderDelegate)]
09:11:29.420 [main] DEBUG org.springframework.test.context.BootstrapUtils - Instantiating TestContextBootstrapper for test class [com.leeyoubackend.LeeyouBackendApplicationTests] from class [org.springframework.boot.test.context.SpringBootTestContextBootstrapper]
09:11:29.426 [main] INFO org.springframework.boot.test.context.SpringBootTestContextBootstrapper - Neither @ContextConfiguration nor @ContextHierarchy found for test class [com.leeyoubackend.LeeyouBackendApplicationTests], using SpringBootContextLoader
09:11:29.427 [main] DEBUG org.springframework.test.context.support.AbstractContextLoader - Did not detect default resource location for test class [com.leeyoubackend.LeeyouBackendApplicationTests]: class path resource [com/leeyoubackend/LeeyouBackendApplicationTests-context.xml] does not exist
09:11:29.427 [main] DEBUG org.springframework.test.context.support.AbstractContextLoader - Did not detect default resource location for test class [com.leeyoubackend.LeeyouBackendApplicationTests]: class path resource [com/leeyoubackend/LeeyouBackendApplicationTestsContext.groovy] does not exist
09:11:29.427 [main] INFO org.springframework.test.context.support.AbstractContextLoader - Could not detect default resource locations for test class [com.leeyoubackend.LeeyouBackendApplicationTests]: no resource found for suffixes {-context.xml, Context.groovy}.
09:11:29.428 [main] INFO org.springframework.test.context.support.AnnotationConfigContextLoaderUtils - Could not detect default configuration classes for test class [com.leeyoubackend.LeeyouBackendApplicationTests]: LeeyouBackendApplicationTests does not declare any static, non-private, non-final, nested classes annotated with @Configuration.
09:11:29.456 [main] DEBUG org.springframework.test.context.support.ActiveProfilesUtils - Could not find an 'annotation declaring class' for annotation type [org.springframework.test.context.ActiveProfiles] and class [com.leeyoubackend.LeeyouBackendApplicationTests]
09:11:29.489 [main] DEBUG org.springframework.context.annotation.ClassPathScanningCandidateComponentProvider - Identified candidate component class: file [D:\code\partener\leeyou-backend\target\classes\com\leeyoubackend\LeeyouBackendApplication.class]
09:11:29.489 [main] INFO org.springframework.boot.test.context.SpringBootTestContextBootstrapper - Found @SpringBootConfiguration com.leeyoubackend.LeeyouBackendApplication for test class com.leeyoubackend.LeeyouBackendApplicationTests
09:11:29.539 [main] DEBUG org.springframework.boot.test.context.SpringBootTestContextBootstrapper - @TestExecutionListeners is not present for class [com.leeyoubackend.LeeyouBackendApplicationTests]: using defaults.
09:11:29.539 [main] INFO org.springframework.boot.test.context.SpringBootTestContextBootstrapper - Loaded default TestExecutionListener class names from location [META-INF/spring.factories]: [org.springframework.boot.test.mock.mockito.MockitoTestExecutionListener, org.springframework.boot.test.mock.mockito.ResetMocksTestExecutionListener, org.springframework.boot.test.autoconfigure.restdocs.RestDocsTestExecutionListener, org.springframework.boot.test.autoconfigure.web.client.MockRestServiceServerResetTestExecutionListener, org.springframework.boot.test.autoconfigure.web.servlet.MockMvcPrintOnlyOnFailureTestExecutionListener, org.springframework.boot.test.autoconfigure.web.servlet.WebDriverTestExecutionListener, org.springframework.boot.test.autoconfigure.webservices.client.MockWebServiceServerTestExecutionListener, org.springframework.test.context.web.ServletTestExecutionListener, org.springframework.test.context.support.DirtiesContextBeforeModesTestExecutionListener, org.springframework.test.context.event.ApplicationEventsTestExecutionListener, org.springframework.test.context.support.DependencyInjectionTestExecutionListener, org.springframework.test.context.support.DirtiesContextTestExecutionListener, org.springframework.test.context.transaction.TransactionalTestExecutionListener, org.springframework.test.context.jdbc.SqlScriptsTestExecutionListener, org.springframework.test.context.event.EventPublishingTestExecutionListener]
09:11:29.551 [main] INFO org.springframework.boot.test.context.SpringBootTestContextBootstrapper - Using TestExecutionListeners: [org.springframework.test.context.web.ServletTestExecutionListener@35229f85, org.springframework.test.context.support.DirtiesContextBeforeModesTestExecutionListener@6d3c5255, org.springframework.test.context.event.ApplicationEventsTestExecutionListener@b1712f3, org.springframework.boot.test.mock.mockito.MockitoTestExecutionListener@6986bbaf, org.springframework.boot.test.autoconfigure.SpringBootDependencyInjectionTestExecutionListener@4879dfad, org.springframework.test.context.support.DirtiesContextTestExecutionListener@4758820d, org.springframework.test.context.transaction.TransactionalTestExecutionListener@74eb909f, org.springframework.test.context.jdbc.SqlScriptsTestExecutionListener@28ec166e, org.springframework.test.context.event.EventPublishingTestExecutionListener@2eee3069, org.springframework.boot.test.mock.mockito.ResetMocksTestExecutionListener@2da59753, org.springframework.boot.test.autoconfigure.restdocs.RestDocsTestExecutionListener@5629510, org.springframework.boot.test.autoconfigure.web.client.MockRestServiceServerResetTestExecutionListener@4df5bcb4, org.springframework.boot.test.autoconfigure.web.servlet.MockMvcPrintOnlyOnFailureTestExecutionListener@12c7a01b, org.springframework.boot.test.autoconfigure.web.servlet.WebDriverTestExecutionListener@13d9b21f, org.springframework.boot.test.autoconfigure.webservices.client.MockWebServiceServerTestExecutionListener@2826f61]
09:11:29.553 [main] DEBUG org.springframework.test.context.support.AbstractDirtiesContextTestExecutionListener - Before test class: context [DefaultTestContext@55dfcc6 testClass = LeeyouBackendApplicationTests, testInstance = [null], testMethod = [null], testException = [null], mergedContextConfiguration = [WebMergedContextConfiguration@222eb8aa testClass = LeeyouBackendApplicationTests, locations = '{}', classes = '{class com.leeyoubackend.LeeyouBackendApplication}', contextInitializerClasses = '[]', activeProfiles = '{}', propertySourceLocations = '{}', propertySourceProperties = '{org.springframework.boot.test.context.SpringBootTestContextBootstrapper=true}', contextCustomizers = set[org.springframework.boot.test.context.filter.ExcludeFilterContextCustomizer@792b749c, org.springframework.boot.test.json.DuplicateJsonObjectContextCustomizerFactory$DuplicateJsonObjectContextCustomizer@73eb439a, org.springframework.boot.test.mock.mockito.MockitoContextCustomizer@0, org.springframework.boot.test.web.client.TestRestTemplateContextCustomizer@66982506, org.springframework.boot.test.autoconfigure.actuate.metrics.MetricsExportContextCustomizerFactory$DisableMetricExportContextCustomizer@5c80cf32, org.springframework.boot.test.autoconfigure.properties.PropertyMappingContextCustomizer@0, org.springframework.boot.test.autoconfigure.web.servlet.WebDriverContextCustomizerFactory$Customizer@f1da57d, org.springframework.boot.test.context.SpringBootTestArgs@1, org.springframework.boot.test.context.SpringBootTestWebEnvironment@49e202ad], resourceBasePath = 'src/main/webapp', contextLoader = 'org.springframework.boot.test.context.SpringBootContextLoader', parent = [null]], attributes = map['org.springframework.test.context.web.ServletTestExecutionListener.activateListener' -> true]], class annotated with @DirtiesContext [false] with mode [null].

  .   ____          _            __ _ _
 /\\ / ___'_ __ _ _(_)_ __  __ _ \ \ \ \
( ( )\___ | '_ | '_| | '_ \/ _` | \ \ \ \
 \\/  ___)| |_)| | | | | || (_| |  ) ) ) )
  '  |____| .__|_| |_|_| |_\__, | / / / /
 =========|_|==============|___/=/_/_/_/
 :: Spring Boot ::               (v2.6.13)

2024-12-06 09:11:29.753  WARN 43136 --- [           main] ory$DuplicateJsonObjectContextCustomizer : 

Found multiple occurrences of org.json.JSONObject on the class path:

	jar:file:/D:/develop/apache-maven-3.9.9/mvn_repo/com/vaadin/external/google/android-json/0.0.20131108.vaadin1/android-json-0.0.20131108.vaadin1.jar!/org/json/JSONObject.class
	jar:file:/D:/develop/apache-maven-3.9.9/mvn_repo/org/json/json/20231013/json-20231013.jar!/org/json/JSONObject.class

You may wish to exclude one of them to ensure predictable runtime behavior

2024-12-06 09:11:29.763  INFO 43136 --- [           main] c.l.LeeyouBackendApplicationTests        : Starting LeeyouBackendApplicationTests using Java 21.0.5 on enchanted with PID 43136 (started by leeyou in D:\code\partener\leeyou-backend)
2024-12-06 09:11:29.764  INFO 43136 --- [           main] c.l.LeeyouBackendApplicationTests        : No active profile set, falling back to 1 default profile: "default"
2024-12-06 09:11:30.263  INFO 43136 --- [           main] .s.d.r.c.RepositoryConfigurationDelegate : Multiple Spring Data modules found, entering strict repository configuration mode
2024-12-06 09:11:30.264  INFO 43136 --- [           main] .s.d.r.c.RepositoryConfigurationDelegate : Bootstrapping Spring Data Redis repositories in DEFAULT mode.
2024-12-06 09:11:30.277  INFO 43136 --- [           main] .s.d.r.c.RepositoryConfigurationDelegate : Finished Spring Data repository scanning in 6 ms. Found 0 Redis repository interfaces.
2024-12-06 09:11:30.358  WARN 43136 --- [           main] o.m.s.mapper.ClassPathMapperScanner      : Skipping MapperFactoryBean with name 'tagsMapper' and 'com.leeyoubackend.mapper.TagsMapper' mapperInterface. Bean already defined with the same name!
2024-12-06 09:11:30.358  WARN 43136 --- [           main] o.m.s.mapper.ClassPathMapperScanner      : Skipping MapperFactoryBean with name 'teamMapper' and 'com.leeyoubackend.mapper.TeamMapper' mapperInterface. Bean already defined with the same name!
2024-12-06 09:11:30.358  WARN 43136 --- [           main] o.m.s.mapper.ClassPathMapperScanner      : Skipping MapperFactoryBean with name 'userTeamMapper' and 'com.leeyoubackend.mapper.UserTeamMapper' mapperInterface. Bean already defined with the same name!
2024-12-06 09:11:30.358  WARN 43136 --- [           main] o.m.s.mapper.ClassPathMapperScanner      : Skipping MapperFactoryBean with name 'usersMapper' and 'com.leeyoubackend.mapper.UsersMapper' mapperInterface. Bean already defined with the same name!
2024-12-06 09:11:30.358  WARN 43136 --- [           main] o.m.s.mapper.ClassPathMapperScanner      : No MyBatis mapper was found in '[com.leeyoubackend.mapper]' package. Please check your configuration.
Logging initialized using 'class org.apache.ibatis.logging.stdout.StdOutImpl' adapter.
This primary key of "id" is primitive !不建议如此请使用包装类 in Class: "com.leeyoubackend.pojo.Users"
Initialization Sequence datacenterId:0 workerId:5
 _ _   |_  _ _|_. ___ _ |    _ 
| | |\/|_)(_| | |_\  |_)||_|_\ 
     /               |         
                        3.5.4 
2024-12-06 09:11:31.429  INFO 43136 --- [           main] org.redisson.Version                     : Redisson 3.17.5
2024-12-06 09:11:31.519  INFO 43136 --- [isson-netty-4-5] o.r.c.pool.MasterPubSubConnectionPool    : 1 connections initialized for 127.0.0.1/127.0.0.1:6379
2024-12-06 09:11:31.550  INFO 43136 --- [sson-netty-4-19] o.r.c.pool.MasterConnectionPool          : 24 connections initialized for 127.0.0.1/127.0.0.1:6379
2024-12-06 09:11:32.177  INFO 43136 --- [           main] o.s.b.a.w.s.WelcomePageHandlerMapping    : Adding welcome page: class path resource [static/index.html]
2024-12-06 09:11:32.275  INFO 43136 --- [           main] pertySourcedRequestMappingHandlerMapping : Mapped URL path [/v2/api-docs] onto method [springfox.documentation.swagger2.web.Swagger2ControllerWebMvc#getDocumentation(String, HttpServletRequest)]
2024-12-06 09:11:32.667  INFO 43136 --- [           main] d.s.w.p.DocumentationPluginsBootstrapper : Documentation plugins bootstrapped
2024-12-06 09:11:32.669  INFO 43136 --- [           main] d.s.w.p.DocumentationPluginsBootstrapper : Found 1 custom documentation plugin(s)
2024-12-06 09:11:32.688  INFO 43136 --- [           main] s.d.s.w.s.ApiListingReferenceScanner     : Scanning for api listing references
2024-12-06 09:11:33.357  INFO 43136 --- [           main] s.a.ScheduledAnnotationBeanPostProcessor : No TaskScheduler/ScheduledExecutorService bean found for scheduled processing
2024-12-06 09:11:33.361  INFO 43136 --- [           main] c.l.LeeyouBackendApplicationTests        : Started LeeyouBackendApplicationTests in 3.788 seconds (JVM running for 4.323)
]]></system-out>
  </testcase>
</testsuite>