<?xml version="1.0" encoding="UTF-8"?>
<testsuite xmlns:xsi="http://www.w3.org/2001/XMLSchema-instance" xsi:noNamespaceSchemaLocation="https://maven.apache.org/surefire/maven-surefire-plugin/xsd/surefire-test-report-3.0.xsd" version="3.0" name="com.leeyoubackend.service.AlgorithmUtilsTest" time="0.001" tests="2" errors="0" skipped="0" failures="0">
  <properties>
[...]
</properties>
  <testcase name="test" classname="com.leeyoubackend.service.AlgorithmUtilsTest" time="0.0"/>
  <testcase name="test2" classname="com.leeyoubackend.service.AlgorithmUtilsTest" time="0.001">
    <system-out><![CDATA[3
2
]]></system-out>
  </testcase>
</testsuite>